<?xml version="1.0" encoding="UTF-8"?>
<testsuite xmlns:xsi="http://www.w3.org/2001/XMLSchema-instance" xsi:noNamespaceSchemaLocation="https://maven.apache.org/surefire/maven-surefire-plugin/xsd/surefire-test-report.xsd" name="br.com.pauloh.service.ClientServiceTest" time="0.264" tests="8" errors="8" skipped="0" failures="0">
  <properties>
[...]
</properties>
  <testcase name="readTest" classname="br.com.pauloh.service.ClientServiceTest" time="0.024">
    <error message="Cannot invoke &quot;jakarta.persistence.EntityManager.persist(Object)&quot; because &quot;this.entityManager&quot; is null" type="java.lang.NullPointerException">java.lang.NullPointerException: Cannot invoke "jakarta.persistence.EntityManager.persist(Object)" because "this.entityManager" is null
	at br.com.pauloh.service.ClientServiceTest.readTest(ClientServiceTest.java:50)
</error>
  </testcase>
  <testcase name="readTest" classname="br.com.pauloh.service.ClientServiceTest" time="0.029">
    <error message="Cannot invoke &quot;jakarta.persistence.EntityManager.createQuery(String, java.lang.Class)&quot; because &quot;this.entityManager&quot; is null" type="java.lang.NullPointerException">java.lang.NullPointerException: Cannot invoke "jakarta.persistence.EntityManager.createQuery(String, java.lang.Class)" because "this.entityManager" is null
	at br.com.pauloh.service.ClientServiceTest.turnDown(ClientServiceTest.java:23)
</error>
  </testcase>
  <testcase name="updateTest" classname="br.com.pauloh.service.ClientServiceTest" time="0.002">
    <error message="Cannot invoke &quot;jakarta.persistence.EntityManager.persist(Object)&quot; because &quot;this.entityManager&quot; is null" type="java.lang.NullPointerException">java.lang.NullPointerException: Cannot invoke "jakarta.persistence.EntityManager.persist(Object)" because "this.entityManager" is null
	at br.com.pauloh.service.ClientServiceTest.updateTest(ClientServiceTest.java:62)
</error>
  </testcase>
  <testcase name="updateTest" classname="br.com.pauloh.service.ClientServiceTest" time="0.004">
    <error message="Cannot invoke &quot;jakarta.persistence.EntityManager.createQuery(String, java.lang.Class)&quot; because &quot;this.entityManager&quot; is null" type="java.lang.NullPointerException">java.lang.NullPointerException: Cannot invoke "jakarta.persistence.EntityManager.createQuery(String, java.lang.Class)" because "this.entityManager" is null
	at br.com.pauloh.service.ClientServiceTest.turnDown(ClientServiceTest.java:23)
</error>
  </testcase>
  <testcase name="createTest" classname="br.com.pauloh.service.ClientServiceTest" time="0.003">
    <error message="Cannot invoke &quot;jakarta.persistence.EntityManager.persist(Object)&quot; because &quot;this.entityManager&quot; is null" type="java.lang.NullPointerException">java.lang.NullPointerException: Cannot invoke "jakarta.persistence.EntityManager.persist(Object)" because "this.entityManager" is null
	at br.com.pauloh.service.ClientServiceTest.createTest(ClientServiceTest.java:40)
</error>
  </testcase>
  <testcase name="createTest" classname="br.com.pauloh.service.ClientServiceTest" time="0.004">
    <error message="Cannot invoke &quot;jakarta.persistence.EntityManager.createQuery(String, java.lang.Class)&quot; because &quot;this.entityManager&quot; is null" type="java.lang.NullPointerException">java.lang.NullPointerException: Cannot invoke "jakarta.persistence.EntityManager.createQuery(String, java.lang.Class)" because "this.entityManager" is null
	at br.com.pauloh.service.ClientServiceTest.turnDown(ClientServiceTest.java:23)
</error>
  </testcase>
  <testcase name="deleteTest" classname="br.com.pauloh.service.ClientServiceTest" time="0.005">
    <error message="Cannot invoke &quot;jakarta.persistence.EntityManager.persist(Object)&quot; because &quot;this.entityManager&quot; is null" type="java.lang.NullPointerException">java.lang.NullPointerException: Cannot invoke "jakarta.persistence.EntityManager.persist(Object)" because "this.entityManager" is null
	at br.com.pauloh.service.ClientServiceTest.deleteTest(ClientServiceTest.java:75)
</error>
  </testcase>
  <testcase name="deleteTest" classname="br.com.pauloh.service.ClientServiceTest" time="0.007">
    <error message="Cannot invoke &quot;jakarta.persistence.EntityManager.createQuery(String, java.lang.Class)&quot; because &quot;this.entityManager&quot; is null" type="java.lang.NullPointerException">java.lang.NullPointerException: Cannot invoke "jakarta.persistence.EntityManager.createQuery(String, java.lang.Class)" because "this.entityManager" is null
	at br.com.pauloh.service.ClientServiceTest.turnDown(ClientServiceTest.java:23)
</error>
  </testcase>
</testsuite>