<?xml version="1.0" encoding="UTF-8"?>
<testsuite xmlns:xsi="http://www.w3.org/2001/XMLSchema-instance" xsi:noNamespaceSchemaLocation="https://maven.apache.org/surefire/maven-surefire-plugin/xsd/surefire-test-report.xsd" name="br.com.pauloh.service.ProductServiceTest" time="5.805" tests="4" errors="0" skipped="0" failures="0">
  <properties>
[...]
</properties>
  <testcase name="readTest" classname="br.com.pauloh.service.ProductServiceTest" time="3.716"/>
  <testcase name="updateTest" classname="br.com.pauloh.service.ProductServiceTest" time="0.771"/>
  <testcase name="createTest" classname="br.com.pauloh.service.ProductServiceTest" time="0.434"/>
  <testcase name="deleteTest" classname="br.com.pauloh.service.ProductServiceTest" time="0.821"/>
</testsuite>